[2026-02-02 15:22:36.789] [info] [logging_module] [thread 107237] Logger initialized successfully. Log file: logs/logging_module.log
[2026-02-02 15:22:36.790] [info] [logging_module] [thread 107237] LoggingComponent initialized
[2026-02-02 15:22:36.828] [info] [logging_module] [thread 107237] Starting LoggingComponent
[2026-02-02 15:22:45.108] [info] [logging_module] [thread 107237] Initializing logging session
[2026-02-02 15:22:51.743] [info] [logging_module] [thread 107237] Starting new logging session on device: 
[2026-02-02 15:22:51.743] [info] [logging_module] [thread 107237] Selected signals for 0 messages
[2026-02-02 15:22:51.754] [info] [logging_module] [thread 107237] New logging session started - ID: 1770042171743, Device: , Messages with signals: 0
[2026-02-02 15:22:51.759] [info] [logging_module] [thread 107237] Logging session started successfully
[2026-02-02 15:24:32.339] [info] [logging_module] [thread 107237] Stopping logging session
[2026-02-02 15:24:32.340] [info] [logging_module] [thread 107237] Session stopped - ID: 1770042171743, Duration: 00:01:40, Total messages: 0
[2026-02-02 15:24:32.342] [info] [logging_module] [thread 107237] Logging session stopped successfully. Duration: 100588 ms
[2026-02-02 15:24:33.593] [info] [logging_module] [thread 107237] Initializing logging session
[2026-02-02 15:24:36.099] [debug] [logging_module] [thread 107237] User cancelled logging session
[2026-02-02 15:31:40.677] [info] [logging_module] [thread 107237] Initializing logging session
[2026-02-02 15:32:10.129] [debug] [logging_module] [thread 107237] User cancelled logging session
[2026-02-02 15:32:26.965] [info] [logging_module] [thread 107237] Initializing logging session
[2026-02-02 15:38:22.291] [debug] [logging_module] [thread 107237] User cancelled logging session
[2026-02-02 15:38:25.516] [info] [logging_module] [thread 107237] Stopping LoggingComponent
[2026-02-02 15:38:25.516] [warning] [logging_module] [thread 107237] Attempted to stop logging while not recording
[2026-02-02 15:38:41.644] [info] [logging_module] [thread 110280] Logger initialized successfully. Log file: logs/logging_module.log
[2026-02-02 15:38:41.644] [info] [logging_module] [thread 110280] LoggingComponent initialized
[2026-02-02 15:38:41.686] [info] [logging_module] [thread 110280] Starting LoggingComponent
[2026-02-02 15:38:46.732] [info] [logging_module] [thread 110280] Initializing logging session
[2026-02-02 15:38:49.338] [debug] [logging_module] [thread 110280] User cancelled logging session
[2026-02-02 15:42:07.219] [info] [logging_module] [thread 110280] Stopping LoggingComponent
[2026-02-02 15:42:07.219] [warning] [logging_module] [thread 110280] Attempted to stop logging while not recording
[2026-02-05 14:36:44.271] [info] [logging_module] [thread 15887] Logger initialized successfully. Log file: logs/logging_module.log
[2026-02-05 14:36:44.271] [info] [logging_module] [thread 15887] LoggingComponent initialized
[2026-02-05 14:36:44.318] [info] [logging_module] [thread 15887] Starting LoggingComponent
[2026-02-05 14:36:54.404] [debug] [logging_module] [thread 15887] Received DBC configuration update
[2026-02-05 14:37:01.949] [info] [logging_module] [thread 15887] Initializing logging session
[2026-02-05 14:37:23.710] [info] [logging_module] [thread 15887] Starting new logging session on device: 
[2026-02-05 14:37:23.710] [info] [logging_module] [thread 15887] Selected signals for 5 messages
[2026-02-05 14:37:23.710] [debug] [logging_module] [thread 15887] Message 0x100: 3 signals selected
[2026-02-05 14:37:23.710] [debug] [logging_module] [thread 15887] Message 0x101: 4 signals selected
[2026-02-05 14:37:23.710] [debug] [logging_module] [thread 15887] Message 0x102: 16 signals selected
[2026-02-05 14:37:23.710] [debug] [logging_module] [thread 15887] Message 0x108: 4 signals selected
[2026-02-05 14:37:23.710] [debug] [logging_module] [thread 15887] Message 0x109: 12 signals selected
[2026-02-05 14:37:23.714] [info] [logging_module] [thread 15887] New logging session started - ID: 1770298643710, Device: , Messages with signals: 5
[2026-02-05 14:37:23.718] [info] [logging_module] [thread 15887] Logging session started successfully
[2026-02-05 14:37:48.842] [info] [logging_module] [thread 15887] Stopping logging session
[2026-02-05 14:37:48.842] [info] [logging_module] [thread 15887] Session stopped - ID: 1770298643710, Duration: 00:00:25, Total messages: 0
[2026-02-05 14:37:48.843] [info] [logging_module] [thread 15887] Logging session stopped successfully. Duration: 25128 ms
[2026-02-05 14:38:08.893] [info] [logging_module] [thread 15887] Initializing logging session
[2026-02-05 14:58:18.701] [debug] [logging_module] [thread 15887] User cancelled logging session
[2026-02-07 14:57:52.780] [info] [logging_module] [thread 15887] Initializing logging session
[2026-02-07 14:58:07.470] [info] [logging_module] [thread 15887] Starting new logging session on device: 
[2026-02-07 14:58:07.471] [info] [logging_module] [thread 15887] Selected signals for 5 messages
[2026-02-07 14:58:07.471] [debug] [logging_module] [thread 15887] Message 0x100: 3 signals selected
[2026-02-07 14:58:07.471] [debug] [logging_module] [thread 15887] Message 0x101: 4 signals selected
[2026-02-07 14:58:07.471] [debug] [logging_module] [thread 15887] Message 0x102: 16 signals selected
[2026-02-07 14:58:07.471] [debug] [logging_module] [thread 15887] Message 0x108: 4 signals selected
[2026-02-07 14:58:07.471] [debug] [logging_module] [thread 15887] Message 0x109: 12 signals selected
[2026-02-07 14:58:07.471] [info] [logging_module] [thread 15887] New logging session started - ID: 1770472687471, Device: , Messages with signals: 5
[2026-02-07 14:58:07.473] [info] [logging_module] [thread 15887] Logging session started successfully
[2026-02-07 14:58:12.459] [info] [logging_module] [thread 15887] Stopping logging session
[2026-02-07 14:58:12.459] [info] [logging_module] [thread 15887] Session stopped - ID: 1770472687471, Duration: 00:00:04, Total messages: 0
[2026-02-07 14:58:12.460] [info] [logging_module] [thread 15887] Logging session stopped successfully. Duration: 4988 ms
[2026-02-09 17:28:39.322] [info] [logging_module] [thread 15887] Stopping LoggingComponent
[2026-02-09 17:28:39.323] [warning] [logging_module] [thread 15887] Attempted to stop logging while not recording
[2026-02-09 17:28:39.399] [info] [logging_module] [thread 15887] Logger shutting down
[2026-02-09 18:40:32.994] [info] [logging_module] [thread 232343] Logger initialized successfully. Log file: logs/logging_module.log
[2026-02-09 18:40:32.994] [info] [logging_module] [thread 232343] LoggingComponent initialized
[2026-02-09 18:40:33.059] [info] [logging_module] [thread 232343] Starting LoggingComponent
[2026-02-09 18:40:38.361] [info] [logging_module] [thread 232343] Initializing logging session
[2026-02-09 18:40:40.675] [info] [logging_module] [thread 232343] Starting new logging session on device: 
[2026-02-09 18:40:40.676] [info] [logging_module] [thread 232343] Selected signals for 0 messages
[2026-02-09 18:40:40.685] [info] [logging_module] [thread 232343] New logging session started - ID: 1770658840676, Device: , Messages with signals: 0
[2026-02-09 18:40:40.694] [info] [logging_module] [thread 232343] Logging session started successfully
[2026-02-09 18:40:42.910] [info] [logging_module] [thread 232343] Stopping logging session
[2026-02-09 18:40:42.911] [info] [logging_module] [thread 232343] Session stopped - ID: 1770658840676, Duration: 00:00:02, Total messages: 0
[2026-02-09 18:40:42.912] [info] [logging_module] [thread 232343] Logging session stopped successfully. Duration: 2226 ms
[2026-02-09 18:44:24.729] [info] [logging_module] [thread 232343] Stopping LoggingComponent
[2026-02-09 18:44:24.729] [warning] [logging_module] [thread 232343] Attempted to stop logging while not recording
[2026-02-09 18:44:24.766] [info] [logging_module] [thread 232343] Logger shutting down
[2026-02-09 18:44:52.841] [info] [logging_module] [thread 233345] Logger initialized successfully. Log file: logs/logging_module.log
[2026-02-09 18:44:52.841] [info] [logging_module] [thread 233345] LoggingComponent initialized
[2026-02-09 18:44:52.911] [info] [logging_module] [thread 233345] Starting LoggingComponent
[2026-02-09 18:44:56.816] [info] [logging_module] [thread 233345] Initializing logging session
[2026-02-09 18:44:58.345] [info] [logging_module] [thread 233345] Starting new logging session on device: 
[2026-02-09 18:44:58.346] [info] [logging_module] [thread 233345] Selected signals for 0 messages
[2026-02-09 18:44:58.356] [info] [logging_module] [thread 233345] New logging session started - ID: 1770659098346, Device: , Messages with signals: 0
[2026-02-09 18:44:58.362] [info] [logging_module] [thread 233345] Logging session started successfully
[2026-02-09 18:45:07.196] [info] [logging_module] [thread 233345] Stopping logging session
[2026-02-09 18:45:07.197] [info] [logging_module] [thread 233345] Session stopped - ID: 1770659098346, Duration: 00:00:08, Total messages: 0
[2026-02-09 18:45:07.197] [info] [logging_module] [thread 233345] Logging session stopped successfully. Duration: 8840 ms
[2026-02-09 18:48:20.894] [info] [logging_module] [thread 233345] Stopping LoggingComponent
[2026-02-09 18:48:20.894] [warning] [logging_module] [thread 233345] Attempted to stop logging while not recording
[2026-02-09 18:48:20.937] [info] [logging_module] [thread 233345] Logger shutting down
[2026-02-09 18:48:29.692] [info] [logging_module] [thread 234146] Logger initialized successfully. Log file: logs/logging_module.log
[2026-02-09 18:48:29.692] [info] [logging_module] [thread 234146] LoggingComponent initialized
[2026-02-09 18:48:29.741] [info] [logging_module] [thread 234146] Starting LoggingComponent
[2026-02-09 18:48:39.045] [info] [logging_module] [thread 234146] Initializing logging session
[2026-02-09 18:48:40.691] [info] [logging_module] [thread 234146] Starting new logging session on device: 
[2026-02-09 18:48:40.691] [info] [logging_module] [thread 234146] Selected signals for 0 messages
[2026-02-09 18:48:40.697] [info] [logging_module] [thread 234146] New logging session started - ID: 1770659320691, Device: , Messages with signals: 0
[2026-02-09 18:48:40.702] [info] [logging_module] [thread 234146] Logging session started successfully
[2026-02-09 18:49:10.279] [info] [logging_module] [thread 234146] Stopping logging session
[2026-02-09 18:49:10.280] [info] [logging_module] [thread 234146] Session stopped - ID: 1770659320691, Duration: 00:00:29, Total messages: 0
[2026-02-09 18:49:10.283] [info] [logging_module] [thread 234146] Logging session stopped successfully. Duration: 29585 ms
[2026-02-09 18:49:11.528] [info] [logging_module] [thread 234146] Initializing logging session
[2026-02-09 18:49:13.573] [debug] [logging_module] [thread 234146] User cancelled logging session
[2026-02-09 18:49:19.994] [info] [logging_module] [thread 234146] Stopping LoggingComponent
[2026-02-09 18:49:19.994] [warning] [logging_module] [thread 234146] Attempted to stop logging while not recording
[2026-02-09 18:49:20.023] [info] [logging_module] [thread 234146] Logger shutting down
[2026-02-09 18:54:28.535] [info] [logging_module] [thread 235053] Logger initialized successfully. Log file: logs/logging_module.log
[2026-02-09 18:54:28.535] [info] [logging_module] [thread 235053] LoggingComponent initialized
[2026-02-09 18:54:28.585] [info] [logging_module] [thread 235053] Starting LoggingComponent
[2026-02-09 18:54:32.988] [info] [logging_module] [thread 235053] Initializing logging session
[2026-02-09 18:54:35.083] [info] [logging_module] [thread 235053] Starting new logging session on device: 
[2026-02-09 18:54:35.083] [info] [logging_module] [thread 235053] Selected signals for 0 messages
[2026-02-09 18:54:35.092] [info] [logging_module] [thread 235053] New logging session started - ID: 1770659675083, Device: , Messages with signals: 0
[2026-02-09 18:54:35.095] [info] [logging_module] [thread 235053] Logging session started successfully
[2026-02-09 18:54:37.227] [info] [logging_module] [thread 235053] Stopping logging session
[2026-02-09 18:54:37.227] [info] [logging_module] [thread 235053] Session stopped - ID: 1770659675083, Duration: 00:00:02, Total messages: 0
[2026-02-09 18:54:37.228] [info] [logging_module] [thread 235053] Logging session stopped successfully. Duration: 2136 ms
[2026-02-09 18:54:45.921] [info] [logging_module] [thread 235053] Initializing logging session
[2026-02-09 18:54:50.768] [info] [logging_module] [thread 235053] Starting new logging session on device: vcan0
[2026-02-09 18:54:50.768] [info] [logging_module] [thread 235053] Selected signals for 0 messages
[2026-02-09 18:54:50.768] [info] [logging_module] [thread 235053] New logging session started - ID: 1770659690768, Device: vcan0, Messages with signals: 0
[2026-02-09 18:54:50.777] [info] [logging_module] [thread 235053] Logging session started successfully
[2026-02-09 18:54:53.612] [info] [logging_module] [thread 235053] Stopping logging session
[2026-02-09 18:54:53.613] [info] [logging_module] [thread 235053] Session stopped - ID: 1770659690768, Duration: 00:00:02, Total messages: 0
[2026-02-09 18:54:53.614] [info] [logging_module] [thread 235053] Logging session stopped successfully. Duration: 2846 ms
[2026-02-09 19:03:13.664] [info] [logging_module] [thread 235053] Stopping LoggingComponent
[2026-02-09 19:03:13.665] [warning] [logging_module] [thread 235053] Attempted to stop logging while not recording
[2026-02-09 19:03:13.713] [info] [logging_module] [thread 235053] Logger shutting down
[2026-02-09 19:03:35.329] [info] [logging_module] [thread 236796] Logger initialized successfully. Log file: logs/logging_module.log
[2026-02-09 19:03:35.329] [info] [logging_module] [thread 236796] LoggingComponent initialized
[2026-02-09 19:03:35.374] [info] [logging_module] [thread 236796] Starting LoggingComponent
[2026-02-09 19:03:39.538] [info] [logging_module] [thread 236796] Initializing logging session
[2026-02-09 19:03:42.043] [debug] [logging_module] [thread 236796] User cancelled logging session
[2026-02-09 19:03:47.355] [debug] [logging_module] [thread 236796] Received DBC configuration update
[2026-02-09 19:03:50.158] [info] [logging_module] [thread 236796] Initializing logging session
[2026-02-09 19:04:13.908] [info] [logging_module] [thread 236796] Starting new logging session on device: 
[2026-02-09 19:04:13.908] [info] [logging_module] [thread 236796] Selected signals for 2 messages
[2026-02-09 19:04:13.908] [debug] [logging_module] [thread 236796] Message 0x100: 3 signals selected
[2026-02-09 19:04:13.908] [debug] [logging_module] [thread 236796] Message 0x102: 16 signals selected
[2026-02-09 19:04:13.923] [info] [logging_module] [thread 236796] New logging session started - ID: 1770660253908, Device: , Messages with signals: 2
[2026-02-09 19:04:13.934] [info] [logging_module] [thread 236796] Logging session started successfully
[2026-02-09 19:05:00.122] [info] [logging_module] [thread 236796] Stopping logging session
[2026-02-09 19:05:00.123] [info] [logging_module] [thread 236796] Session stopped - ID: 1770660253908, Duration: 00:00:46, Total messages: 0
[2026-02-09 19:05:00.124] [info] [logging_module] [thread 236796] Logging session stopped successfully. Duration: 46201 ms
[2026-02-09 19:05:01.593] [info] [logging_module] [thread 236796] Initializing logging session
[2026-02-09 19:05:29.884] [debug] [logging_module] [thread 236796] User cancelled logging session
[2026-02-09 19:05:35.265] [info] [logging_module] [thread 236796] Initializing logging session
[2026-02-09 19:05:50.141] [info] [logging_module] [thread 236796] Starting new logging session on device: 
[2026-02-09 19:05:50.141] [info] [logging_module] [thread 236796] Selected signals for 1 messages
[2026-02-09 19:05:50.141] [debug] [logging_module] [thread 236796] Message 0x102: 1 signals selected
[2026-02-09 19:05:50.141] [info] [logging_module] [thread 236796] New logging session started - ID: 1770660350141, Device: , Messages with signals: 1
[2026-02-09 19:05:50.152] [info] [logging_module] [thread 236796] Logging session started successfully
[2026-02-09 19:05:55.574] [info] [logging_module] [thread 236796] Stopping logging session
[2026-02-09 19:05:55.575] [info] [logging_module] [thread 236796] Session stopped - ID: 1770660350141, Duration: 00:00:05, Total messages: 0
[2026-02-09 19:05:55.575] [info] [logging_module] [thread 236796] Logging session stopped successfully. Duration: 5434 ms
[2026-02-09 19:06:14.719] [info] [logging_module] [thread 236796] Initializing logging session
[2026-02-09 19:06:30.540] [info] [logging_module] [thread 236796] Starting new logging session on device: 
[2026-02-09 19:06:30.540] [info] [logging_module] [thread 236796] Selected signals for 5 messages
[2026-02-09 19:06:30.540] [debug] [logging_module] [thread 236796] Message 0x100: 3 signals selected
[2026-02-09 19:06:30.540] [debug] [logging_module] [thread 236796] Message 0x101: 4 signals selected
[2026-02-09 19:06:30.540] [debug] [logging_module] [thread 236796] Message 0x102: 16 signals selected
[2026-02-09 19:06:30.540] [debug] [logging_module] [thread 236796] Message 0x108: 4 signals selected
[2026-02-09 19:06:30.540] [debug] [logging_module] [thread 236796] Message 0x109: 12 signals selected
[2026-02-09 19:06:30.540] [info] [logging_module] [thread 236796] New logging session started - ID: 1770660390540, Device: , Messages with signals: 5
[2026-02-09 19:06:30.543] [info] [logging_module] [thread 236796] Logging session started successfully
[2026-02-09 19:06:58.100] [info] [logging_module] [thread 236796] Stopping logging session
[2026-02-09 19:06:58.101] [info] [logging_module] [thread 236796] Session stopped - ID: 1770660390540, Duration: 00:00:27, Total messages: 0
[2026-02-09 19:06:58.103] [info] [logging_module] [thread 236796] Logging session stopped successfully. Duration: 27562 ms
[2026-02-09 19:11:00.603] [info] [logging_module] [thread 236796] Stopping LoggingComponent
[2026-02-09 19:11:00.603] [warning] [logging_module] [thread 236796] Attempted to stop logging while not recording
[2026-02-09 19:11:00.705] [info] [logging_module] [thread 236796] Logger shutting down
[2026-02-09 19:11:09.369] [info] [logging_module] [thread 237768] Logger initialized successfully. Log file: logs/logging_module.log
[2026-02-09 19:11:09.369] [info] [logging_module] [thread 237768] LoggingComponent initialized
[2026-02-09 19:11:09.424] [info] [logging_module] [thread 237768] Starting LoggingComponent
[2026-02-09 19:11:17.668] [info] [logging_module] [thread 237768] Initializing logging session
[2026-02-09 19:11:21.597] [debug] [logging_module] [thread 237768] User cancelled logging session
[2026-02-09 19:18:34.412] [info] [logging_module] [thread 237768] Stopping LoggingComponent
[2026-02-09 19:18:34.412] [warning] [logging_module] [thread 237768] Attempted to stop logging while not recording
[2026-02-09 19:18:34.444] [info] [logging_module] [thread 237768] Logger shutting down
[2026-02-09 19:18:53.484] [info] [logging_module] [thread 239412] Logger initialized successfully. Log file: logs/logging_module.log
[2026-02-09 19:18:53.484] [info] [logging_module] [thread 239412] LoggingComponent initialized
[2026-02-09 19:18:53.535] [info] [logging_module] [thread 239412] Starting LoggingComponent
[2026-02-09 19:18:59.087] [info] [logging_module] [thread 239412] Initializing logging session
[2026-02-09 19:19:08.091] [info] [logging_module] [thread 239412] Starting new logging session on device: 
[2026-02-09 19:19:08.091] [info] [logging_module] [thread 239412] Selected signals for 0 messages
[2026-02-09 19:19:08.110] [info] [logging_module] [thread 239412] New logging session started - ID: 1770661148091, Device: , Messages with signals: 0
[2026-02-09 19:19:08.114] [info] [logging_module] [thread 239412] Logging session started successfully
[2026-02-09 19:19:10.876] [info] [logging_module] [thread 239412] Stopping logging session
[2026-02-09 19:19:10.877] [info] [logging_module] [thread 239412] Session stopped - ID: 1770661148091, Duration: 00:00:02, Total messages: 0
[2026-02-09 19:19:10.879] [info] [logging_module] [thread 239412] Logging session stopped successfully. Duration: 2768 ms
[2026-02-09 19:19:21.288] [info] [logging_module] [thread 239412] Initializing logging session
[2026-02-09 19:19:28.244] [debug] [logging_module] [thread 239412] User cancelled logging session
[2026-02-09 19:19:39.007] [info] [logging_module] [thread 239412] Initializing logging session
[2026-02-09 19:19:41.594] [debug] [logging_module] [thread 239412] User cancelled logging session
[2026-02-09 19:24:00.773] [info] [logging_module] [thread 239412] Stopping LoggingComponent
[2026-02-09 19:24:00.773] [warning] [logging_module] [thread 239412] Attempted to stop logging while not recording
[2026-02-09 19:24:00.834] [info] [logging_module] [thread 239412] Logger shutting down
[2026-02-09 19:24:20.373] [info] [logging_module] [thread 240236] Logger initialized successfully. Log file: logs/logging_module.log
[2026-02-09 19:24:20.373] [info] [logging_module] [thread 240236] LoggingComponent initialized
[2026-02-09 19:24:20.421] [info] [logging_module] [thread 240236] Starting LoggingComponent
[2026-02-09 19:24:34.646] [info] [logging_module] [thread 240236] Initializing logging session
[2026-02-09 19:24:40.187] [debug] [logging_module] [thread 240236] User cancelled logging session
[2026-02-09 19:24:45.848] [debug] [logging_module] [thread 240236] Received DBC configuration update
[2026-02-09 19:24:51.614] [info] [logging_module] [thread 240236] Initializing logging session
[2026-02-09 19:27:02.741] [info] [logging_module] [thread 240236] Starting new logging session on device: 
[2026-02-09 19:27:02.741] [info] [logging_module] [thread 240236] Selected signals for 1 messages
[2026-02-09 19:27:02.741] [debug] [logging_module] [thread 240236] Message 0x102: 16 signals selected
[2026-02-09 19:27:02.750] [info] [logging_module] [thread 240236] New logging session started - ID: 1770661622741, Device: , Messages with signals: 1
[2026-02-09 19:27:02.755] [info] [logging_module] [thread 240236] Logging session started successfully
[2026-02-09 19:27:07.866] [info] [logging_module] [thread 240236] Stopping logging session
[2026-02-09 19:27:07.867] [info] [logging_module] [thread 240236] Session stopped - ID: 1770661622741, Duration: 00:00:05, Total messages: 0
[2026-02-09 19:27:07.867] [info] [logging_module] [thread 240236] Logging session stopped successfully. Duration: 5116 ms
[2026-02-09 19:27:18.218] [info] [logging_module] [thread 240236] Initializing logging session
[2026-02-09 19:27:26.745] [debug] [logging_module] [thread 240236] User cancelled logging session
[2026-02-09 19:30:16.113] [info] [logging_module] [thread 240236] Initializing logging session
[2026-02-09 19:30:20.696] [info] [logging_module] [thread 240236] Starting new logging session on device: 
[2026-02-09 19:30:20.696] [info] [logging_module] [thread 240236] Selected signals for 1 messages
[2026-02-09 19:30:20.696] [debug] [logging_module] [thread 240236] Message 0x102: 16 signals selected
[2026-02-09 19:30:20.697] [info] [logging_module] [thread 240236] New logging session started - ID: 1770661820696, Device: , Messages with signals: 1
[2026-02-09 19:30:20.714] [info] [logging_module] [thread 240236] Logging session started successfully
[2026-02-09 19:30:28.960] [info] [logging_module] [thread 240236] Stopping logging session
[2026-02-09 19:30:28.960] [info] [logging_module] [thread 240236] Session stopped - ID: 1770661820696, Duration: 00:00:08, Total messages: 0
[2026-02-09 19:30:28.961] [info] [logging_module] [thread 240236] Logging session stopped successfully. Duration: 8264 ms
[2026-02-09 19:33:14.321] [info] [logging_module] [thread 240236] Stopping LoggingComponent
[2026-02-09 19:33:14.321] [warning] [logging_module] [thread 240236] Attempted to stop logging while not recording
[2026-02-09 19:33:14.363] [info] [logging_module] [thread 240236] Logger shutting down
[2026-02-09 19:34:05.688] [info] [logging_module] [thread 241152] Logger initialized successfully. Log file: logs/logging_module.log
[2026-02-09 19:34:05.688] [info] [logging_module] [thread 241152] LoggingComponent initialized
[2026-02-09 19:34:05.743] [info] [logging_module] [thread 241152] Starting LoggingComponent
[2026-02-09 19:34:48.536] [info] [logging_module] [thread 241152] Initializing logging session
[2026-02-09 19:34:54.902] [debug] [logging_module] [thread 241152] User cancelled logging session
[2026-02-09 19:34:58.646] [info] [logging_module] [thread 241152] Initializing logging session
[2026-02-09 19:35:03.321] [info] [logging_module] [thread 241152] Starting new logging session on device: 
[2026-02-09 19:35:03.321] [info] [logging_module] [thread 241152] Selected signals for 0 messages
[2026-02-09 19:35:03.329] [info] [logging_module] [thread 241152] New logging session started - ID: 1770662103321, Device: , Messages with signals: 0
[2026-02-09 19:35:03.332] [info] [logging_module] [thread 241152] Logging session started successfully
[2026-02-09 19:35:24.753] [info] [logging_module] [thread 241152] Stopping logging session
[2026-02-09 19:35:24.753] [info] [logging_module] [thread 241152] Session stopped - ID: 1770662103321, Duration: 00:00:21, Total messages: 0
[2026-02-09 19:35:24.754] [info] [logging_module] [thread 241152] Logging session stopped successfully. Duration: 21425 ms
[2026-02-09 19:35:26.182] [info] [logging_module] [thread 241152] Initializing logging session
[2026-02-09 19:35:28.034] [debug] [logging_module] [thread 241152] User cancelled logging session
[2026-02-09 19:35:29.455] [info] [logging_module] [thread 241152] Initializing logging session
[2026-02-09 19:35:31.546] [debug] [logging_module] [thread 241152] User cancelled logging session
[2026-02-09 19:42:27.222] [info] [logging_module] [thread 241152] Stopping LoggingComponent
[2026-02-09 19:42:27.223] [warning] [logging_module] [thread 241152] Attempted to stop logging while not recording
[2026-02-09 19:42:27.265] [info] [logging_module] [thread 241152] Logger shutting down
[2026-02-09 19:42:52.652] [info] [logging_module] [thread 242330] Logger initialized successfully. Log file: logs/logging_module.log
[2026-02-09 19:42:52.652] [info] [logging_module] [thread 242330] LoggingComponent initialized
[2026-02-09 19:42:52.700] [info] [logging_module] [thread 242330] Starting LoggingComponent
[2026-02-09 19:43:03.401] [info] [logging_module] [thread 242330] Initializing logging session
[2026-02-09 19:43:10.268] [info] [logging_module] [thread 242330] Starting new logging session on device: 
[2026-02-09 19:43:10.268] [info] [logging_module] [thread 242330] Selected signals for 0 messages
[2026-02-09 19:43:10.275] [info] [logging_module] [thread 242330] New logging session started - ID: 1770662590268, Device: , Messages with signals: 0
[2026-02-09 19:43:10.277] [info] [logging_module] [thread 242330] Logging session started successfully
[2026-02-09 19:43:17.120] [info] [logging_module] [thread 242330] Stopping logging session
[2026-02-09 19:43:17.122] [info] [logging_module] [thread 242330] Session stopped - ID: 1770662590268, Duration: 00:00:06, Total messages: 0
[2026-02-09 19:43:17.125] [info] [logging_module] [thread 242330] Logging session stopped successfully. Duration: 6849 ms
[2026-02-09 19:43:18.818] [info] [logging_module] [thread 242330] Initializing logging session
[2026-02-09 19:43:20.573] [info] [logging_module] [thread 242330] Starting new logging session on device: 
[2026-02-09 19:43:20.573] [info] [logging_module] [thread 242330] Selected signals for 0 messages
[2026-02-09 19:43:20.573] [info] [logging_module] [thread 242330] New logging session started - ID: 1770662600573, Device: , Messages with signals: 0
[2026-02-09 19:43:20.576] [info] [logging_module] [thread 242330] Logging session started successfully
[2026-02-09 19:43:22.870] [info] [logging_module] [thread 242330] Stopping LoggingComponent
[2026-02-09 19:43:22.871] [info] [logging_module] [thread 242330] Stopping logging session
[2026-02-09 19:43:22.871] [info] [logging_module] [thread 242330] Session stopped - ID: 1770662600573, Duration: 00:00:02, Total messages: 0
[2026-02-09 19:43:22.872] [info] [logging_module] [thread 242330] Logging session stopped successfully. Duration: 2298 ms
[2026-02-09 19:43:22.909] [info] [logging_module] [thread 242330] Logger shutting down
[2026-02-09 19:43:52.967] [info] [logging_module] [thread 242561] Logger initialized successfully. Log file: logs/logging_module.log
[2026-02-09 19:43:52.968] [info] [logging_module] [thread 242561] LoggingComponent initialized
[2026-02-09 19:43:53.031] [info] [logging_module] [thread 242561] Starting LoggingComponent
[2026-02-09 19:44:20.507] [info] [logging_module] [thread 242561] Initializing logging session
[2026-02-09 19:44:23.276] [info] [logging_module] [thread 242561] Starting new logging session on device: 
[2026-02-09 19:44:23.276] [info] [logging_module] [thread 242561] Selected signals for 0 messages
[2026-02-09 19:44:23.284] [info] [logging_module] [thread 242561] New logging session started - ID: 1770662663276, Device: , Messages with signals: 0
[2026-02-09 19:44:23.291] [info] [logging_module] [thread 242561] Logging session started successfully
[2026-02-09 19:44:30.661] [info] [logging_module] [thread 242561] Stopping logging session
[2026-02-09 19:44:30.662] [info] [logging_module] [thread 242561] Session stopped - ID: 1770662663276, Duration: 00:00:07, Total messages: 0
[2026-02-09 19:44:30.662] [info] [logging_module] [thread 242561] Logging session stopped successfully. Duration: 7378 ms
[2026-02-09 19:46:53.436] [info] [logging_module] [thread 242561] Initializing logging session
[2026-02-09 19:46:58.021] [debug] [logging_module] [thread 242561] User cancelled logging session
[2026-02-09 19:50:57.658] [info] [logging_module] [thread 242561] Stopping LoggingComponent
[2026-02-09 19:50:57.659] [warning] [logging_module] [thread 242561] Attempted to stop logging while not recording
[2026-02-09 19:50:57.706] [info] [logging_module] [thread 242561] Logger shutting down
[2026-02-09 19:51:02.369] [info] [logging_module] [thread 243507] Logger initialized successfully. Log file: logs/logging_module.log
[2026-02-09 19:51:02.369] [info] [logging_module] [thread 243507] LoggingComponent initialized
[2026-02-09 19:51:02.414] [info] [logging_module] [thread 243507] Starting LoggingComponent
[2026-02-09 19:51:05.754] [info] [logging_module] [thread 243507] Initializing logging session
[2026-02-09 19:51:18.977] [debug] [logging_module] [thread 243507] User cancelled logging session
[2026-02-09 19:51:22.225] [info] [logging_module] [thread 243507] Stopping LoggingComponent
[2026-02-09 19:51:22.225] [warning] [logging_module] [thread 243507] Attempted to stop logging while not recording
[2026-02-09 19:51:22.245] [info] [logging_module] [thread 243507] Logger shutting down
